-------------------------------------------------------------------------------
Test set: Login
-------------------------------------------------------------------------------
Tests run: 1, Failures: 1, Errors: 0, Skipped: 0, Time elapsed: 18.955 s <<< FAILURE! - in Login
Verify warning message for invalid credentials(Login)  Time elapsed: 18.955 s  <<< FAILURE!
org.junit.ComparisonFailure: expected:<...ser name or password[]> but was:<...ser name or password[.]>

